# JRE version: OpenJDK Runtime Environment Temurin-21.0.10+7 (21.0.10+7) (build 21.0.10+7-LTS)
# Java VM: OpenJDK 64-Bit Server VM Temurin-21.0.10+7 (21.0.10+7-LTS, mixed mode, sharing, tiered, compressed oops, compressed class ptrs, parallel gc, windows-amd64)
GC Precious Log:
 CardTable entry size: 512
 CPUs: 12 total, 12 available
 Memory: 7876M
 Large Page Support: Disabled
 NUMA Support: Disabled
 Compressed Oops: Enabled (32-bit)
 Alignments: Space 512K, Generation 512K, Heap 2M
 Heap Min Capacity: 100M
 Heap Initial Capacity: 100M
 Heap Max Capacity: 2G
 Pre-touch: Disabled
 Parallel Workers: 10
Heap:
 PSYoungGen      total 7680K, used 5279K [0x00000000d5580000, 0x00000000d5f00000, 0x0000000100000000)
  eden space 6656K, 74% used [0x00000000d5580000,0x00000000d5a4fe38,0x00000000d5c00000)
  from space 1024K, 34% used [0x00000000d5d00000,0x00000000d5d58000,0x00000000d5e00000)
  to   space 512K, 0% used [0x00000000d5e80000,0x00000000d5e80000,0x00000000d5f00000)
 ParOldGen       total 812544K, used 811224K [0x0000000080000000, 0x00000000b1980000, 0x00000000d5580000)
  object space 812544K, 99% used [0x0000000080000000,0x00000000b18363c0,0x00000000b1980000)
 Metaspace       used 80739K, committed 82240K, reserved 1179648K
  class space    used 7991K, committed 8704K, reserved 1048576K
GC Heap History (20 events):
Event: 8551.605 GC heap before
{Heap before GC invocations=1290 (full 5):
 PSYoungGen      total 7168K, used 6752K [0x00000000d5580000, 0x00000000d5e00000, 0x0000000100000000)
  eden space 6144K, 100% used [0x00000000d5580000,0x00000000d5b80000,0x00000000d5b80000)
  from space 1024K, 59% used [0x00000000d5c00000,0x00000000d5c98000,0x00000000d5d00000)
  to   space 1024K, 0% used [0x00000000d5d00000,0x00000000d5d00000,0x00000000d5e00000)
 ParOldGen       total 743936K, used 743514K [0x0000000080000000, 0x00000000ad680000, 0x00000000d5580000)
  object space 743936K, 99% used [0x0000000080000000,0x00000000ad616a90,0x00000000ad680000)
 Metaspace       used 80695K, committed 82176K, reserved 1179648K
  class space    used 7989K, committed 8704K, reserved 1048576K
}
Event: 8551.609 GC heap after
{Heap after GC invocations=1290 (full 5):
 PSYoungGen      total 7168K, used 704K [0x00000000d5580000, 0x00000000d5e00000, 0x0000000100000000)
  eden space 6144K, 0% used [0x00000000d5580000,0x00000000d5580000,0x00000000d5b80000)
  from space 1024K, 68% used [0x00000000d5d00000,0x00000000d5db0000,0x00000000d5e00000)
  to   space 1024K, 0% used [0x00000000d5c00000,0x00000000d5c00000,0x00000000d5d00000)
 ParOldGen       total 744448K, used 743938K [0x0000000080000000, 0x00000000ad700000, 0x00000000d5580000)
  object space 744448K, 99% used [0x0000000080000000,0x00000000ad680ab0,0x00000000ad700000)
 Metaspace       used 80695K, committed 82176K, reserved 1179648K
  class space    used 7989K, committed 8704K, reserved 1048576K
}
Event: 8561.463 GC heap before
{Heap before GC invocations=1291 (full 5):
 PSYoungGen      total 7168K, used 6848K [0x00000000d5580000, 0x00000000d5e00000, 0x0000000100000000)
  eden space 6144K, 100% used [0x00000000d5580000,0x00000000d5b80000,0x00000000d5b80000)
  from space 1024K, 68% used [0x00000000d5d00000,0x00000000d5db0000,0x00000000d5e00000)
  to   space 1024K, 0% used [0x00000000d5c00000,0x00000000d5c00000,0x00000000d5d00000)
 ParOldGen       total 744448K, used 743938K [0x0000000080000000, 0x00000000ad700000, 0x00000000d5580000)
  object space 744448K, 99% used [0x0000000080000000,0x00000000ad680ab0,0x00000000ad700000)
 Metaspace       used 80697K, committed 82176K, reserved 1179648K
  class space    used 7989K, committed 8704K, reserved 1048576K
}
Event: 8561.465 GC heap after
{Heap after GC invocations=1291 (full 5):
 PSYoungGen      total 7168K, used 1024K [0x00000000d5580000, 0x00000000d5f80000, 0x0000000100000000)
  eden space 6144K, 0% used [0x00000000d5580000,0x00000000d5580000,0x00000000d5b80000)
  from space 1024K, 100% used [0x00000000d5c00000,0x00000000d5d00000,0x00000000d5d00000)
  to   space 2048K, 0% used [0x00000000d5d80000,0x00000000d5d80000,0x00000000d5f80000)
 ParOldGen       total 744960K, used 744557K [0x0000000080000000, 0x00000000ad780000, 0x00000000d5580000)
  object space 744960K, 99% used [0x0000000080000000,0x00000000ad71b420,0x00000000ad780000)
 Metaspace       used 80697K, committed 82176K, reserved 1179648K
  class space    used 7989K, committed 8704K, reserved 1048576K
}
Event: 8561.480 GC heap before
{Heap before GC invocations=1292 (full 5):
 PSYoungGen      total 7168K, used 7168K [0x00000000d5580000, 0x00000000d5f80000, 0x0000000100000000)
  eden space 6144K, 100% used [0x00000000d5580000,0x00000000d5b80000,0x00000000d5b80000)
  from space 1024K, 100% used [0x00000000d5c00000,0x00000000d5d00000,0x00000000d5d00000)
  to   space 2048K, 0% used [0x00000000d5d80000,0x00000000d5d80000,0x00000000d5f80000)
 ParOldGen       total 744960K, used 744557K [0x0000000080000000, 0x00000000ad780000, 0x00000000d5580000)
  object space 744960K, 99% used [0x0000000080000000,0x00000000ad71b420,0x00000000ad780000)
 Metaspace       used 80697K, committed 82176K, reserved 1179648K
  class space    used 7989K, committed 8704K, reserved 1048576K
}
Event: 8561.483 GC heap after
{Heap after GC invocations=1292 (full 5):
 PSYoungGen      total 7168K, used 944K [0x00000000d5580000, 0x00000000d5e80000, 0x0000000100000000)
  eden space 6144K, 0% used [0x00000000d5580000,0x00000000d5580000,0x00000000d5b80000)
  from space 1024K, 92% used [0x00000000d5d80000,0x00000000d5e6c010,0x00000000d5e80000)
  to   space 1536K, 0% used [0x00000000d5b80000,0x00000000d5b80000,0x00000000d5d00000)
 ParOldGen       total 745984K, used 745492K [0x0000000080000000, 0x00000000ad880000, 0x00000000d5580000)
  object space 745984K, 99% used [0x0000000080000000,0x00000000ad805280,0x00000000ad880000)
 Metaspace       used 80697K, committed 82176K, reserved 1179648K
  class space    used 7989K, committed 8704K, reserved 1048576K
}
Event: 8561.499 GC heap before
{Heap before GC invocations=1293 (full 5):
 PSYoungGen      total 7168K, used 7088K [0x00000000d5580000, 0x00000000d5e80000, 0x0000000100000000)
  eden space 6144K, 100% used [0x00000000d5580000,0x00000000d5b80000,0x00000000d5b80000)
  from space 1024K, 92% used [0x00000000d5d80000,0x00000000d5e6c010,0x00000000d5e80000)
  to   space 1536K, 0% used [0x00000000d5b80000,0x00000000d5b80000,0x00000000d5d00000)
 ParOldGen       total 745984K, used 745492K [0x0000000080000000, 0x00000000ad880000, 0x00000000d5580000)
  object space 745984K, 99% used [0x0000000080000000,0x00000000ad805280,0x00000000ad880000)
 Metaspace       used 80697K, committed 82176K, reserved 1179648K
  class space    used 7989K, committed 8704K, reserved 1048576K
}
Event: 8561.502 GC heap after
{Heap after GC invocations=1293 (full 5):
 PSYoungGen      total 7680K, used 656K [0x00000000d5580000, 0x00000000d5e00000, 0x0000000100000000)
  eden space 6144K, 0% used [0x00000000d5580000,0x00000000d5580000,0x00000000d5b80000)
  from space 1536K, 42% used [0x00000000d5b80000,0x00000000d5c24010,0x00000000d5d00000)
  to   space 1024K, 0% used [0x00000000d5d00000,0x00000000d5d00000,0x00000000d5e00000)
 ParOldGen       total 746496K, used 746272K [0x0000000080000000, 0x00000000ad900000, 0x00000000d5580000)
  object space 746496K, 99% used [0x0000000080000000,0x00000000ad8c8300,0x00000000ad900000)
 Metaspace       used 80697K, committed 82176K, reserved 1179648K
  class space    used 7989K, committed 8704K, reserved 1048576K
}
Event: 8561.521 GC heap before
{Heap before GC invocations=1294 (full 5):
 PSYoungGen      total 7680K, used 6800K [0x00000000d5580000, 0x00000000d5e00000, 0x0000000100000000)
  eden space 6144K, 100% used [0x00000000d5580000,0x00000000d5b80000,0x00000000d5b80000)
  from space 1536K, 42% used [0x00000000d5b80000,0x00000000d5c24010,0x00000000d5d00000)
  to   space 1024K, 0% used [0x00000000d5d00000,0x00000000d5d00000,0x00000000d5e00000)
 ParOldGen       total 746496K, used 746272K [0x0000000080000000, 0x00000000ad900000, 0x00000000d5580000)
  object space 746496K, 99% used [0x0000000080000000,0x00000000ad8c8300,0x00000000ad900000)
 Metaspace       used 80697K, committed 82176K, reserved 1179648K
  class space    used 7989K, committed 8704K, reserved 1048576K
}
Event: 8561.525 GC heap after
{Heap after GC invocations=1294 (full 5):
 PSYoungGen      total 7168K, used 944K [0x00000000d5580000, 0x00000000d5e00000, 0x0000000100000000)
  eden space 6144K, 0% used [0x00000000d5580000,0x00000000d5580000,0x00000000d5b80000)
  from space 1024K, 92% used [0x00000000d5d00000,0x00000000d5dec010,0x00000000d5e00000)
  to   space 1024K, 0% used [0x00000000d5c00000,0x00000000d5c00000,0x00000000d5d00000)
 ParOldGen       total 747008K, used 746760K [0x0000000080000000, 0x00000000ad980000, 0x00000000d5580000)
  object space 747008K, 99% used [0x0000000080000000,0x00000000ad942360,0x00000000ad980000)
 Metaspace       used 80697K, committed 82176K, reserved 1179648K
  class space    used 7989K, committed 8704K, reserved 1048576K
}
Event: 8561.536 GC heap before
{Heap before GC invocations=1295 (full 5):
 PSYoungGen      total 7168K, used 7088K [0x00000000d5580000, 0x00000000d5e00000, 0x0000000100000000)
  eden space 6144K, 100% used [0x00000000d5580000,0x00000000d5b80000,0x00000000d5b80000)
  from space 1024K, 92% used [0x00000000d5d00000,0x00000000d5dec010,0x00000000d5e00000)
  to   space 1024K, 0% used [0x00000000d5c00000,0x00000000d5c00000,0x00000000d5d00000)
 ParOldGen       total 747008K, used 746760K [0x0000000080000000, 0x00000000ad980000, 0x00000000d5580000)
  object space 747008K, 99% used [0x0000000080000000,0x00000000ad942360,0x00000000ad980000)
 Metaspace       used 80697K, committed 82176K, reserved 1179648K
  class space    used 7989K, committed 8704K, reserved 1048576K
}
Event: 8561.538 GC heap after
{Heap after GC invocations=1295 (full 5):
 PSYoungGen      total 7168K, used 1012K [0x00000000d5580000, 0x00000000d5e80000, 0x0000000100000000)
  eden space 6144K, 0% used [0x00000000d5580000,0x00000000d5580000,0x00000000d5b80000)
  from space 1024K, 98% used [0x00000000d5c00000,0x00000000d5cfd220,0x00000000d5d00000)
  to   space 1536K, 0% used [0x00000000d5d00000,0x00000000d5d00000,0x00000000d5e80000)
 ParOldGen       total 748032K, used 747584K [0x0000000080000000, 0x00000000ada80000, 0x00000000d5580000)
  object space 748032K, 99% used [0x0000000080000000,0x00000000ada10280,0x00000000ada80000)
 Metaspace       used 80697K, committed 82176K, reserved 1179648K
  class space    used 7989K, committed 8704K, reserved 1048576K
}
Event: 8561.547 GC heap before
{Heap before GC invocations=1296 (full 5):
 PSYoungGen      total 7168K, used 7156K [0x00000000d5580000, 0x00000000d5e80000, 0x0000000100000000)
  eden space 6144K, 100% used [0x00000000d5580000,0x00000000d5b80000,0x00000000d5b80000)
  from space 1024K, 98% used [0x00000000d5c00000,0x00000000d5cfd220,0x00000000d5d00000)
  to   space 1536K, 0% used [0x00000000d5d00000,0x00000000d5d00000,0x00000000d5e80000)
 ParOldGen       total 748032K, used 747584K [0x0000000080000000, 0x00000000ada80000, 0x00000000d5580000)
  object space 748032K, 99% used [0x0000000080000000,0x00000000ada10280,0x00000000ada80000)
 Metaspace       used 80697K, committed 82176K, reserved 1179648K
  class space    used 7989K, committed 8704K, reserved 1048576K
}
Event: 8561.550 GC heap after
{Heap after GC invocations=1296 (full 5):
 PSYoungGen      total 7168K, used 656K [0x00000000d5580000, 0x00000000d5e00000, 0x0000000100000000)
  eden space 6144K, 0% used [0x00000000d5580000,0x00000000d5580000,0x00000000d5b80000)
  from space 1024K, 64% used [0x00000000d5d00000,0x00000000d5da4010,0x00000000d5e00000)
  to   space 1024K, 0% used [0x00000000d5c00000,0x00000000d5c00000,0x00000000d5d00000)
 ParOldGen       total 748544K, used 748425K [0x0000000080000000, 0x00000000adb00000, 0x00000000d5580000)
  object space 748544K, 99% used [0x0000000080000000,0x00000000adae2500,0x00000000adb00000)
 Metaspace       used 80697K, committed 82176K, reserved 1179648K
  class space    used 7989K, committed 8704K, reserved 1048576K
}
Event: 8561.568 GC heap before
{Heap before GC invocations=1297 (full 5):
 PSYoungGen      total 7168K, used 6800K [0x00000000d5580000, 0x00000000d5e00000, 0x0000000100000000)
  eden space 6144K, 100% used [0x00000000d5580000,0x00000000d5b80000,0x00000000d5b80000)
  from space 1024K, 64% used [0x00000000d5d00000,0x00000000d5da4010,0x00000000d5e00000)
  to   space 1024K, 0% used [0x00000000d5c00000,0x00000000d5c00000,0x00000000d5d00000)
 ParOldGen       total 748544K, used 748425K [0x0000000080000000, 0x00000000adb00000, 0x00000000d5580000)
  object space 748544K, 99% used [0x0000000080000000,0x00000000adae2500,0x00000000adb00000)
 Metaspace       used 80697K, committed 82176K, reserved 1179648K
  class space    used 7989K, committed 8704K, reserved 1048576K
}
Event: 8561.579 GC heap after
{Heap after GC invocations=1297 (full 5):
 PSYoungGen      total 7680K, used 976K [0x00000000d5580000, 0x00000000d6000000, 0x0000000100000000)
  eden space 6656K, 0% used [0x00000000d5580000,0x00000000d5580000,0x00000000d5c00000)
  from space 1024K, 95% used [0x00000000d5c00000,0x00000000d5cf4030,0x00000000d5d00000)
  to   space 1536K, 0% used [0x00000000d5e80000,0x00000000d5e80000,0x00000000d6000000)
 ParOldGen       total 749056K, used 748881K [0x0000000080000000, 0x00000000adb80000, 0x00000000d5580000)
  object space 749056K, 99% used [0x0000000080000000,0x00000000adb54540,0x00000000adb80000)
 Metaspace       used 80697K, committed 82176K, reserved 1179648K
  class space    used 7989K, committed 8704K, reserved 1048576K
}
Event: 8595.878 GC heap before
{Heap before GC invocations=1298 (full 5):
 PSYoungGen      total 7680K, used 7632K [0x00000000d5580000, 0x00000000d6000000, 0x0000000100000000)
  eden space 6656K, 100% used [0x00000000d5580000,0x00000000d5c00000,0x00000000d5c00000)
  from space 1024K, 95% used [0x00000000d5c00000,0x00000000d5cf4030,0x00000000d5d00000)
  to   space 1536K, 0% used [0x00000000d5e80000,0x00000000d5e80000,0x00000000d6000000)
 ParOldGen       total 780800K, used 779601K [0x0000000080000000, 0x00000000afa80000, 0x00000000d5580000)
  object space 780800K, 99% used [0x0000000080000000,0x00000000af954570,0x00000000afa80000)
 Metaspace       used 80713K, committed 82240K, reserved 1179648K
  class space    used 7989K, committed 8704K, reserved 1048576K
}
Event: 8595.951 GC heap after
{Heap after GC invocations=1298 (full 5):
 PSYoungGen      total 7168K, used 448K [0x00000000d5580000, 0x00000000d5f00000, 0x0000000100000000)
  eden space 6656K, 0% used [0x00000000d5580000,0x00000000d5580000,0x00000000d5c00000)
  from space 512K, 87% used [0x00000000d5e80000,0x00000000d5ef0000,0x00000000d5f00000)
  to   space 1024K, 0% used [0x00000000d5d00000,0x00000000d5d00000,0x00000000d5e00000)
 ParOldGen       total 780800K, used 780321K [0x0000000080000000, 0x00000000afa80000, 0x00000000d5580000)
  object space 780800K, 99% used [0x0000000080000000,0x00000000afa085b0,0x00000000afa80000)
 Metaspace       used 80713K, committed 82240K, reserved 1179648K
  class space    used 7989K, committed 8704K, reserved 1048576K
}
Event: 8790.689 GC heap before
{Heap before GC invocations=1299 (full 5):
 PSYoungGen      total 7168K, used 7104K [0x00000000d5580000, 0x00000000d5f00000, 0x0000000100000000)
  eden space 6656K, 100% used [0x00000000d5580000,0x00000000d5c00000,0x00000000d5c00000)
  from space 512K, 87% used [0x00000000d5e80000,0x00000000d5ef0000,0x00000000d5f00000)
  to   space 1024K, 0% used [0x00000000d5d00000,0x00000000d5d00000,0x00000000d5e00000)
 ParOldGen       total 812544K, used 811041K [0x0000000080000000, 0x00000000b1980000, 0x00000000d5580000)
  object space 812544K, 99% used [0x0000000080000000,0x00000000b18085e0,0x00000000b1980000)
 Metaspace       used 80723K, committed 82240K, reserved 1179648K
  class space    used 7989K, committed 8704K, reserved 1048576K
}
Event: 8790.791 GC heap after
{Heap after GC invocations=1299 (full 5):
 PSYoungGen      total 7680K, used 352K [0x00000000d5580000, 0x00000000d5f00000, 0x0000000100000000)
  eden space 6656K, 0% used [0x00000000d5580000,0x00000000d5580000,0x00000000d5c00000)
  from space 1024K, 34% used [0x00000000d5d00000,0x00000000d5d58000,0x00000000d5e00000)
  to   space 512K, 0% used [0x00000000d5e80000,0x00000000d5e80000,0x00000000d5f00000)
 ParOldGen       total 812544K, used 811224K [0x0000000080000000, 0x00000000b1980000, 0x00000000d5580000)
  object space 812544K, 99% used [0x0000000080000000,0x00000000b18363c0,0x00000000b1980000)
 Metaspace       used 80723K, committed 82240K, reserved 1179648K
  class space    used 7989K, committed 8704K, reserved 1048576K
}

