# JRE version: OpenJDK Runtime Environment Temurin-21.0.10+7 (21.0.10+7) (build 21.0.10+7-LTS)
# Java VM: OpenJDK 64-Bit Server VM Temurin-21.0.10+7 (21.0.10+7-LTS, mixed mode, sharing, tiered, compressed oops, compressed class ptrs, parallel gc, windows-amd64)
GC Precious Log:
 CardTable entry size: 512
 CPUs: 12 total, 12 available
 Memory: 7876M
 Large Page Support: Disabled
 NUMA Support: Disabled
 Compressed Oops: Enabled (32-bit)
 Alignments: Space 512K, Generation 512K, Heap 2M
 Heap Min Capacity: 100M
 Heap Initial Capacity: 100M
 Heap Max Capacity: 2G
 Pre-touch: Disabled
 Parallel Workers: 10
Heap:
 PSYoungGen      total 16384K, used 14754K [0x00000000d5580000, 0x00000000d6680000, 0x0000000100000000)
  eden space 15360K, 90% used [0x00000000d5580000,0x00000000d6308a98,0x00000000d6480000)
  from space 1024K, 87% used [0x00000000d6480000,0x00000000d6560030,0x00000000d6580000)
  to   space 1024K, 0% used [0x00000000d6580000,0x00000000d6580000,0x00000000d6680000)
 ParOldGen       total 92160K, used 92054K [0x0000000080000000, 0x0000000085a00000, 0x00000000d5580000)
  object space 92160K, 99% used [0x0000000080000000,0x00000000859e5920,0x0000000085a00000)
 Metaspace       used 67508K, committed 68992K, reserved 1114112K
  class space    used 7007K, committed 7616K, reserved 1048576K
GC Heap History (20 events):
Event: 60.881 GC heap before
{Heap before GC invocations=97 (full 3):
 PSYoungGen      total 16384K, used 15879K [0x00000000d5580000, 0x00000000d6680000, 0x0000000100000000)
  eden space 15360K, 100% used [0x00000000d5580000,0x00000000d6480000,0x00000000d6480000)
  from space 1024K, 50% used [0x00000000d6480000,0x00000000d6501c30,0x00000000d6580000)
  to   space 1024K, 0% used [0x00000000d6580000,0x00000000d6580000,0x00000000d6680000)
 ParOldGen       total 87040K, used 86970K [0x0000000080000000, 0x0000000085500000, 0x00000000d5580000)
  object space 87040K, 99% used [0x0000000080000000,0x00000000854ee890,0x0000000085500000)
 Metaspace       used 66049K, committed 67520K, reserved 1114112K
  class space    used 6815K, committed 7424K, reserved 1048576K
}
Event: 60.883 GC heap after
{Heap after GC invocations=97 (full 3):
 PSYoungGen      total 15872K, used 500K [0x00000000d5580000, 0x00000000d6600000, 0x0000000100000000)
  eden space 15360K, 0% used [0x00000000d5580000,0x00000000d5580000,0x00000000d6480000)
  from space 512K, 97% used [0x00000000d6580000,0x00000000d65fd040,0x00000000d6600000)
  to   space 512K, 0% used [0x00000000d6500000,0x00000000d6500000,0x00000000d6580000)
 ParOldGen       total 88576K, used 87988K [0x0000000080000000, 0x0000000085680000, 0x00000000d5580000)
  object space 88576K, 99% used [0x0000000080000000,0x00000000855ed2a8,0x0000000085680000)
 Metaspace       used 66049K, committed 67520K, reserved 1114112K
  class space    used 6815K, committed 7424K, reserved 1048576K
}
Event: 60.910 GC heap before
{Heap before GC invocations=98 (full 3):
 PSYoungGen      total 15872K, used 15860K [0x00000000d5580000, 0x00000000d6600000, 0x0000000100000000)
  eden space 15360K, 100% used [0x00000000d5580000,0x00000000d6480000,0x00000000d6480000)
  from space 512K, 97% used [0x00000000d6580000,0x00000000d65fd040,0x00000000d6600000)
  to   space 512K, 0% used [0x00000000d6500000,0x00000000d6500000,0x00000000d6580000)
 ParOldGen       total 88576K, used 87988K [0x0000000080000000, 0x0000000085680000, 0x00000000d5580000)
  object space 88576K, 99% used [0x0000000080000000,0x00000000855ed2a8,0x0000000085680000)
 Metaspace       used 66198K, committed 67648K, reserved 1114112K
  class space    used 6831K, committed 7424K, reserved 1048576K
}
Event: 60.911 GC heap after
{Heap after GC invocations=98 (full 3):
 PSYoungGen      total 15872K, used 480K [0x00000000d5580000, 0x00000000d6600000, 0x0000000100000000)
  eden space 15360K, 0% used [0x00000000d5580000,0x00000000d5580000,0x00000000d6480000)
  from space 512K, 93% used [0x00000000d6500000,0x00000000d6578000,0x00000000d6580000)
  to   space 512K, 0% used [0x00000000d6580000,0x00000000d6580000,0x00000000d6600000)
 ParOldGen       total 88576K, used 88415K [0x0000000080000000, 0x0000000085680000, 0x00000000d5580000)
  object space 88576K, 99% used [0x0000000080000000,0x0000000085657cb8,0x0000000085680000)
 Metaspace       used 66198K, committed 67648K, reserved 1114112K
  class space    used 6831K, committed 7424K, reserved 1048576K
}
Event: 60.941 GC heap before
{Heap before GC invocations=99 (full 3):
 PSYoungGen      total 15872K, used 15840K [0x00000000d5580000, 0x00000000d6600000, 0x0000000100000000)
  eden space 15360K, 100% used [0x00000000d5580000,0x00000000d6480000,0x00000000d6480000)
  from space 512K, 93% used [0x00000000d6500000,0x00000000d6578000,0x00000000d6580000)
  to   space 512K, 0% used [0x00000000d6580000,0x00000000d6580000,0x00000000d6600000)
 ParOldGen       total 88576K, used 88415K [0x0000000080000000, 0x0000000085680000, 0x00000000d5580000)
  object space 88576K, 99% used [0x0000000080000000,0x0000000085657cb8,0x0000000085680000)
 Metaspace       used 66361K, committed 67840K, reserved 1114112K
  class space    used 6857K, committed 7488K, reserved 1048576K
}
Event: 60.942 GC heap after
{Heap after GC invocations=99 (full 3):
 PSYoungGen      total 15872K, used 512K [0x00000000d5580000, 0x00000000d6680000, 0x0000000100000000)
  eden space 15360K, 0% used [0x00000000d5580000,0x00000000d5580000,0x00000000d6480000)
  from space 512K, 100% used [0x00000000d6580000,0x00000000d6600000,0x00000000d6600000)
  to   space 1024K, 0% used [0x00000000d6480000,0x00000000d6480000,0x00000000d6580000)
 ParOldGen       total 89088K, used 88727K [0x0000000080000000, 0x0000000085700000, 0x00000000d5580000)
  object space 89088K, 99% used [0x0000000080000000,0x00000000856a5cb8,0x0000000085700000)
 Metaspace       used 66361K, committed 67840K, reserved 1114112K
  class space    used 6857K, committed 7488K, reserved 1048576K
}
Event: 60.993 GC heap before
{Heap before GC invocations=100 (full 3):
 PSYoungGen      total 15872K, used 15872K [0x00000000d5580000, 0x00000000d6680000, 0x0000000100000000)
  eden space 15360K, 100% used [0x00000000d5580000,0x00000000d6480000,0x00000000d6480000)
  from space 512K, 100% used [0x00000000d6580000,0x00000000d6600000,0x00000000d6600000)
  to   space 1024K, 0% used [0x00000000d6480000,0x00000000d6480000,0x00000000d6580000)
 ParOldGen       total 89088K, used 88727K [0x0000000080000000, 0x0000000085700000, 0x00000000d5580000)
  object space 89088K, 99% used [0x0000000080000000,0x00000000856a5cb8,0x0000000085700000)
 Metaspace       used 66455K, committed 67968K, reserved 1114112K
  class space    used 6871K, committed 7488K, reserved 1048576K
}
Event: 60.995 GC heap after
{Heap after GC invocations=100 (full 3):
 PSYoungGen      total 16384K, used 556K [0x00000000d5580000, 0x00000000d6680000, 0x0000000100000000)
  eden space 15360K, 0% used [0x00000000d5580000,0x00000000d5580000,0x00000000d6480000)
  from space 1024K, 54% used [0x00000000d6480000,0x00000000d650b138,0x00000000d6580000)
  to   space 1024K, 0% used [0x00000000d6580000,0x00000000d6580000,0x00000000d6680000)
 ParOldGen       total 89088K, used 89039K [0x0000000080000000, 0x0000000085700000, 0x00000000d5580000)
  object space 89088K, 99% used [0x0000000080000000,0x00000000856f3cb8,0x0000000085700000)
 Metaspace       used 66455K, committed 67968K, reserved 1114112K
  class space    used 6871K, committed 7488K, reserved 1048576K
}
Event: 61.045 GC heap before
{Heap before GC invocations=101 (full 3):
 PSYoungGen      total 16384K, used 15916K [0x00000000d5580000, 0x00000000d6680000, 0x0000000100000000)
  eden space 15360K, 100% used [0x00000000d5580000,0x00000000d6480000,0x00000000d6480000)
  from space 1024K, 54% used [0x00000000d6480000,0x00000000d650b138,0x00000000d6580000)
  to   space 1024K, 0% used [0x00000000d6580000,0x00000000d6580000,0x00000000d6680000)
 ParOldGen       total 89088K, used 89039K [0x0000000080000000, 0x0000000085700000, 0x00000000d5580000)
  object space 89088K, 99% used [0x0000000080000000,0x00000000856f3cb8,0x0000000085700000)
 Metaspace       used 66633K, committed 68160K, reserved 1114112K
  class space    used 6903K, committed 7552K, reserved 1048576K
}
Event: 61.048 GC heap after
{Heap after GC invocations=101 (full 3):
 PSYoungGen      total 16384K, used 653K [0x00000000d5580000, 0x00000000d6680000, 0x0000000100000000)
  eden space 15360K, 0% used [0x00000000d5580000,0x00000000d5580000,0x00000000d6480000)
  from space 1024K, 63% used [0x00000000d6580000,0x00000000d66234e0,0x00000000d6680000)
  to   space 1024K, 0% used [0x00000000d6480000,0x00000000d6480000,0x00000000d6580000)
 ParOldGen       total 89600K, used 89374K [0x0000000080000000, 0x0000000085780000, 0x00000000d5580000)
  object space 89600K, 99% used [0x0000000080000000,0x0000000085747900,0x0000000085780000)
 Metaspace       used 66633K, committed 68160K, reserved 1114112K
  class space    used 6903K, committed 7552K, reserved 1048576K
}
Event: 61.100 GC heap before
{Heap before GC invocations=102 (full 3):
 PSYoungGen      total 16384K, used 16013K [0x00000000d5580000, 0x00000000d6680000, 0x0000000100000000)
  eden space 15360K, 100% used [0x00000000d5580000,0x00000000d6480000,0x00000000d6480000)
  from space 1024K, 63% used [0x00000000d6580000,0x00000000d66234e0,0x00000000d6680000)
  to   space 1024K, 0% used [0x00000000d6480000,0x00000000d6480000,0x00000000d6580000)
 ParOldGen       total 89600K, used 89374K [0x0000000080000000, 0x0000000085780000, 0x00000000d5580000)
  object space 89600K, 99% used [0x0000000080000000,0x0000000085747900,0x0000000085780000)
 Metaspace       used 66701K, committed 68224K, reserved 1114112K
  class space    used 6917K, committed 7552K, reserved 1048576K
}
Event: 61.102 GC heap after
{Heap after GC invocations=102 (full 3):
 PSYoungGen      total 16384K, used 831K [0x00000000d5580000, 0x00000000d6680000, 0x0000000100000000)
  eden space 15360K, 0% used [0x00000000d5580000,0x00000000d5580000,0x00000000d6480000)
  from space 1024K, 81% used [0x00000000d6480000,0x00000000d654fcc8,0x00000000d6580000)
  to   space 1024K, 0% used [0x00000000d6580000,0x00000000d6580000,0x00000000d6680000)
 ParOldGen       total 90112K, used 89694K [0x0000000080000000, 0x0000000085800000, 0x00000000d5580000)
  object space 90112K, 99% used [0x0000000080000000,0x0000000085797900,0x0000000085800000)
 Metaspace       used 66701K, committed 68224K, reserved 1114112K
  class space    used 6917K, committed 7552K, reserved 1048576K
}
Event: 61.149 GC heap before
{Heap before GC invocations=103 (full 3):
 PSYoungGen      total 16384K, used 16191K [0x00000000d5580000, 0x00000000d6680000, 0x0000000100000000)
  eden space 15360K, 100% used [0x00000000d5580000,0x00000000d6480000,0x00000000d6480000)
  from space 1024K, 81% used [0x00000000d6480000,0x00000000d654fcc8,0x00000000d6580000)
  to   space 1024K, 0% used [0x00000000d6580000,0x00000000d6580000,0x00000000d6680000)
 ParOldGen       total 90112K, used 89694K [0x0000000080000000, 0x0000000085800000, 0x00000000d5580000)
  object space 90112K, 99% used [0x0000000080000000,0x0000000085797900,0x0000000085800000)
 Metaspace       used 66766K, committed 68288K, reserved 1114112K
  class space    used 6939K, committed 7552K, reserved 1048576K
}
Event: 61.153 GC heap after
{Heap after GC invocations=103 (full 3):
 PSYoungGen      total 16384K, used 514K [0x00000000d5580000, 0x00000000d6680000, 0x0000000100000000)
  eden space 15360K, 0% used [0x00000000d5580000,0x00000000d5580000,0x00000000d6480000)
  from space 1024K, 50% used [0x00000000d6580000,0x00000000d66008a8,0x00000000d6680000)
  to   space 1024K, 0% used [0x00000000d6480000,0x00000000d6480000,0x00000000d6580000)
 ParOldGen       total 91136K, used 90942K [0x0000000080000000, 0x0000000085900000, 0x00000000d5580000)
  object space 91136K, 99% used [0x0000000080000000,0x00000000858cf920,0x0000000085900000)
 Metaspace       used 66766K, committed 68288K, reserved 1114112K
  class space    used 6939K, committed 7552K, reserved 1048576K
}
Event: 61.220 GC heap before
{Heap before GC invocations=104 (full 3):
 PSYoungGen      total 16384K, used 15874K [0x00000000d5580000, 0x00000000d6680000, 0x0000000100000000)
  eden space 15360K, 100% used [0x00000000d5580000,0x00000000d6480000,0x00000000d6480000)
  from space 1024K, 50% used [0x00000000d6580000,0x00000000d66008a8,0x00000000d6680000)
  to   space 1024K, 0% used [0x00000000d6480000,0x00000000d6480000,0x00000000d6580000)
 ParOldGen       total 91136K, used 90942K [0x0000000080000000, 0x0000000085900000, 0x00000000d5580000)
  object space 91136K, 99% used [0x0000000080000000,0x00000000858cf920,0x0000000085900000)
 Metaspace       used 66794K, committed 68288K, reserved 1114112K
  class space    used 6942K, committed 7552K, reserved 1048576K
}
Event: 61.222 GC heap after
{Heap after GC invocations=104 (full 3):
 PSYoungGen      total 16384K, used 640K [0x00000000d5580000, 0x00000000d6680000, 0x0000000100000000)
  eden space 15360K, 0% used [0x00000000d5580000,0x00000000d5580000,0x00000000d6480000)
  from space 1024K, 62% used [0x00000000d6480000,0x00000000d6520000,0x00000000d6580000)
  to   space 1024K, 0% used [0x00000000d6580000,0x00000000d6580000,0x00000000d6680000)
 ParOldGen       total 91648K, used 91278K [0x0000000080000000, 0x0000000085980000, 0x00000000d5580000)
  object space 91648K, 99% used [0x0000000080000000,0x0000000085923920,0x0000000085980000)
 Metaspace       used 66794K, committed 68288K, reserved 1114112K
  class space    used 6942K, committed 7552K, reserved 1048576K
}
Event: 61.306 GC heap before
{Heap before GC invocations=105 (full 3):
 PSYoungGen      total 16384K, used 16000K [0x00000000d5580000, 0x00000000d6680000, 0x0000000100000000)
  eden space 15360K, 100% used [0x00000000d5580000,0x00000000d6480000,0x00000000d6480000)
  from space 1024K, 62% used [0x00000000d6480000,0x00000000d6520000,0x00000000d6580000)
  to   space 1024K, 0% used [0x00000000d6580000,0x00000000d6580000,0x00000000d6680000)
 ParOldGen       total 91648K, used 91278K [0x0000000080000000, 0x0000000085980000, 0x00000000d5580000)
  object space 91648K, 99% used [0x0000000080000000,0x0000000085923920,0x0000000085980000)
 Metaspace       used 66797K, committed 68288K, reserved 1114112K
  class space    used 6942K, committed 7552K, reserved 1048576K
}
Event: 61.307 GC heap after
{Heap after GC invocations=105 (full 3):
 PSYoungGen      total 16384K, used 543K [0x00000000d5580000, 0x00000000d6680000, 0x0000000100000000)
  eden space 15360K, 0% used [0x00000000d5580000,0x00000000d5580000,0x00000000d6480000)
  from space 1024K, 53% used [0x00000000d6580000,0x00000000d6607f70,0x00000000d6680000)
  to   space 1024K, 0% used [0x00000000d6480000,0x00000000d6480000,0x00000000d6580000)
 ParOldGen       total 92160K, used 91742K [0x0000000080000000, 0x0000000085a00000, 0x00000000d5580000)
  object space 92160K, 99% used [0x0000000080000000,0x0000000085997920,0x0000000085a00000)
 Metaspace       used 66797K, committed 68288K, reserved 1114112K
  class space    used 6942K, committed 7552K, reserved 1048576K
}
Event: 63.507 GC heap before
{Heap before GC invocations=106 (full 3):
 PSYoungGen      total 16384K, used 15903K [0x00000000d5580000, 0x00000000d6680000, 0x0000000100000000)
  eden space 15360K, 100% used [0x00000000d5580000,0x00000000d6480000,0x00000000d6480000)
  from space 1024K, 53% used [0x00000000d6580000,0x00000000d6607f70,0x00000000d6680000)
  to   space 1024K, 0% used [0x00000000d6480000,0x00000000d6480000,0x00000000d6580000)
 ParOldGen       total 92160K, used 91742K [0x0000000080000000, 0x0000000085a00000, 0x00000000d5580000)
  object space 92160K, 99% used [0x0000000080000000,0x0000000085997920,0x0000000085a00000)
 Metaspace       used 67108K, committed 68672K, reserved 1114112K
  class space    used 6971K, committed 7616K, reserved 1048576K
}
Event: 63.509 GC heap after
{Heap after GC invocations=106 (full 3):
 PSYoungGen      total 16384K, used 896K [0x00000000d5580000, 0x00000000d6680000, 0x0000000100000000)
  eden space 15360K, 0% used [0x00000000d5580000,0x00000000d5580000,0x00000000d6480000)
  from space 1024K, 87% used [0x00000000d6480000,0x00000000d6560030,0x00000000d6580000)
  to   space 1024K, 0% used [0x00000000d6580000,0x00000000d6580000,0x00000000d6680000)
 ParOldGen       total 92160K, used 92054K [0x0000000080000000, 0x0000000085a00000, 0x00000000d5580000)
  object space 92160K, 99% used [0x0000000080000000,0x00000000859e5920,0x0000000085a00000)
 Metaspace       used 67108K, committed 68672K, reserved 1114112K
  class space    used 6971K, committed 7616K, reserved 1048576K
}

